Arguments: 
  C:\Program Files\nodejs\node.exe C:\Users\Gustavo Adolfo\AppData\Roaming\npm\node_modules\yarn\bin\yarn.js add @fortawesome/react-fontawesome

PATH: 
  C:\Users\Gustavo Adolfo\Dropbox\Mi PC (LAPTOP-JRCEL50F)\Desktop\Desarrollo de Software\src\cmder\vendor\conemu-maximus5\ConEmu\Scripts;C:\Users\Gustavo Adolfo\Dropbox\Mi PC (LAPTOP-JRCEL50F)\Desktop\Desarrollo de Software\src\cmder\vendor\conemu-maximus5;C:\Users\Gustavo Adolfo\Dropbox\Mi PC (LAPTOP-JRCEL50F)\Desktop\Desarrollo de Software\src\cmder\vendor\conemu-maximus5\ConEmu;C:\Windows\system32;C:\Windows;C:\Windows\System32\Wbem;C:\Windows\System32\WindowsPowerShell\v1.0\;C:\Windows\System32\OpenSSH\;C:\Program Files\Git\cmd;C:\Program Files\nodejs\;C:\Program Files\Microsoft SQL Server\Client SDK\ODBC\170\Tools\Binn\;C:\Program Files (x86)\Microsoft SQL Server\150\Tools\Binn\;C:\Program Files\Microsoft SQL Server\150\Tools\Binn\;C:\Program Files\Microsoft SQL Server\150\DTS\Binn\;C:\Program Files\PuTTY\;C:\Ruby30-x64\bin;C:\Users\Gustavo Adolfo\AppData\Local\Programs\Python\Python39\Scripts\;C:\Users\Gustavo Adolfo\AppData\Local\Programs\Python\Python39\;C:\Users\Gustavo Adolfo\AppData\Local\Microsoft\WindowsApps;C:\Users\Gustavo Adolfo\AppData\Local\Programs\Microsoft VS Code\bin;C:\Users\Gustavo Adolfo\AppData\Roaming\npm;C:\Program Files\MongoDB\Server\4.4\bin;C:\Users\Gustavo Adolfo\AppData\Local\GitHubDesktop\bin;C:\Program Files\Git\mingw64\bin;C:\Program Files\Git\usr\bin;C:\Users\Gustavo Adolfo\Dropbox\Mi PC (LAPTOP-JRCEL50F)\Desktop\Desarrollo de Software\src\cmder\vendor\bin;C:\Users\Gustavo Adolfo\Dropbox\Mi PC (LAPTOP-JRCEL50F)\Desktop\Desarrollo de Software\src\cmder

Yarn version: 
  1.22.10

Node version: 
  14.15.4

Platform: 
  win32 x64

Trace: 
  Error: EPERM: operation not permitted, unlink 'C:\Users\Gustavo Adolfo\Dropbox\Mi PC (LAPTOP-JRCEL50F)\Desktop\React-Projects\React-login-auth\node_modules\esbuild-windows-64\esbuild.exe'

npm manifest: 
  {
    "name": "vite-react",
    "version": "0.0.0",
    "scripts": {
      "dev": "vite",
      "build": "vite build",
      "preview": "vite preview"
    },
    "dependencies": {
      "axios": "^0.25.0",
      "react": "^17.0.2",
      "react-dom": "^17.0.2",
      "react-router-dom": "^6.2.1"
    },
    "devDependencies": {
      "@vitejs/plugin-react": "^1.0.7",
      "vite": "^2.7.2"
    }
  }

yarn manifest: 
  No manifest

Lockfile: 
  No lockfile
